<?xml version='1.0' encoding='UTF-8'?>
<testsuite hostname="ASUS" name="JsonTest" tests="2" errors="0" failures="1" skipped="0" time="0.239" timestamp="2019-03-03T02:00:34">
                     <properties>
[...]
</properties>
                     <testcase classname="JsonTest" name="Jsonable should serialize scalars to nums or strings" time="0.139">
                                                 
                                               </testcase><testcase classname="JsonTest" name="Jsonable should serialize linear collections to arrays" time="0.1">
                                                 <failure message="&quot;[[1.3, 2.4]]&quot; did not equal &quot;[['PEEEEEEP', 87]]&quot; heterogeneous list" type="org.scalatest.exceptions.TestFailedException">org.scalatest.exceptions.TestFailedException: &quot;[[1.3, 2.4]]&quot; did not equal &quot;[['PEEEEEEP', 87]]&quot; heterogeneous list
	at org.scalatest.Assertions.newAssertionFailedException(Assertions.scala:528)
	at org.scalatest.Assertions.newAssertionFailedException$(Assertions.scala:527)
	at org.scalatest.FlatSpec.newAssertionFailedException(FlatSpec.scala:1685)
	at org.scalatest.Assertions$AssertionsHelper.macroAssert(Assertions.scala:501)
	at JsonTest.$anonfun$new$2(SerializeTest.scala:16)
	at org.scalatest.OutcomeOf.outcomeOf(OutcomeOf.scala:85)
	at org.scalatest.OutcomeOf.outcomeOf$(OutcomeOf.scala:83)
	at org.scalatest.OutcomeOf$.outcomeOf(OutcomeOf.scala:104)
	at org.scalatest.Transformer.apply(Transformer.scala:22)
	at org.scalatest.Transformer.apply(Transformer.scala:20)
	at org.scalatest.FlatSpecLike$$anon$1.apply(FlatSpecLike.scala:1682)
	at org.scalatest.TestSuite.withFixture(TestSuite.scala:196)
	at org.scalatest.TestSuite.withFixture$(TestSuite.scala:195)
	at org.scalatest.FlatSpec.withFixture(FlatSpec.scala:1685)
	at org.scalatest.FlatSpecLike.invokeWithFixture$1(FlatSpecLike.scala:1680)
	at org.scalatest.FlatSpecLike.$anonfun$runTest$1(FlatSpecLike.scala:1692)
	at org.scalatest.SuperEngine.runTestImpl(Engine.scala:289)
	at org.scalatest.FlatSpecLike.runTest(FlatSpecLike.scala:1692)
	at org.scalatest.FlatSpecLike.runTest$(FlatSpecLike.scala:1674)
	at org.scalatest.FlatSpec.runTest(FlatSpec.scala:1685)
	at org.scalatest.FlatSpecLike.$anonfun$runTests$1(FlatSpecLike.scala:1750)
	at org.scalatest.SuperEngine.$anonfun$runTestsInBranch$1(Engine.scala:396)
	at scala.collection.immutable.List.foreach(List.scala:392)
	at org.scalatest.SuperEngine.traverseSubNodes$1(Engine.scala:384)
	at org.scalatest.SuperEngine.runTestsInBranch(Engine.scala:373)
	at org.scalatest.SuperEngine.$anonfun$runTestsInBranch$1(Engine.scala:410)
	at scala.collection.immutable.List.foreach(List.scala:392)
	at org.scalatest.SuperEngine.traverseSubNodes$1(Engine.scala:384)
	at org.scalatest.SuperEngine.runTestsInBranch(Engine.scala:379)
	at org.scalatest.SuperEngine.runTestsImpl(Engine.scala:461)
	at org.scalatest.FlatSpecLike.runTests(FlatSpecLike.scala:1750)
	at org.scalatest.FlatSpecLike.runTests$(FlatSpecLike.scala:1749)
	at org.scalatest.FlatSpec.runTests(FlatSpec.scala:1685)
	at org.scalatest.Suite.run(Suite.scala:1147)
	at org.scalatest.Suite.run$(Suite.scala:1129)
	at org.scalatest.FlatSpec.org$scalatest$FlatSpecLike$$super$run(FlatSpec.scala:1685)
	at org.scalatest.FlatSpecLike.$anonfun$run$1(FlatSpecLike.scala:1795)
	at org.scalatest.SuperEngine.runImpl(Engine.scala:521)
	at org.scalatest.FlatSpecLike.run(FlatSpecLike.scala:1795)
	at org.scalatest.FlatSpecLike.run$(FlatSpecLike.scala:1793)
	at org.scalatest.FlatSpec.run(FlatSpec.scala:1685)
	at org.scalatest.tools.Framework.org$scalatest$tools$Framework$$runSuite(Framework.scala:314)
	at org.scalatest.tools.Framework$ScalaTestTask.execute(Framework.scala:507)
	at sbt.TestRunner.runTest$1(TestFramework.scala:113)
	at sbt.TestRunner.run(TestFramework.scala:124)
	at sbt.TestFramework$$anon$2$$anonfun$$lessinit$greater$1.$anonfun$apply$1(TestFramework.scala:282)
	at sbt.TestFramework$.sbt$TestFramework$$withContextLoader(TestFramework.scala:246)
	at sbt.TestFramework$$anon$2$$anonfun$$lessinit$greater$1.apply(TestFramework.scala:282)
	at sbt.TestFramework$$anon$2$$anonfun$$lessinit$greater$1.apply(TestFramework.scala:282)
	at sbt.TestFunction.apply(TestFramework.scala:294)
	at sbt.Tests$.$anonfun$toTask$1(Tests.scala:309)
	at sbt.std.Transform$$anon$3.$anonfun$apply$2(System.scala:46)
	at sbt.std.Transform$$anon$4.work(System.scala:67)
	at sbt.Execute.$anonfun$submit$2(Execute.scala:269)
	at sbt.internal.util.ErrorHandling$.wideConvert(ErrorHandling.scala:16)
	at sbt.Execute.work(Execute.scala:278)
	at sbt.Execute.$anonfun$submit$1(Execute.scala:269)
	at sbt.ConcurrentRestrictions$$anon$4.$anonfun$submitValid$1(ConcurrentRestrictions.scala:178)
	at sbt.CompletionService$$anon$2.call(CompletionService.scala:37)
	at java.util.concurrent.FutureTask.run(Unknown Source)
	at java.util.concurrent.Executors$RunnableAdapter.call(Unknown Source)
	at java.util.concurrent.FutureTask.run(Unknown Source)
	at java.util.concurrent.ThreadPoolExecutor.runWorker(Unknown Source)
	at java.util.concurrent.ThreadPoolExecutor$Worker.run(Unknown Source)
	at java.lang.Thread.run(Unknown Source)
</failure>
                                               </testcase>
                     <system-out><![CDATA[]]></system-out>
                     <system-err><![CDATA[]]></system-err>
                   </testsuite>